<?xml version="1.0" encoding="UTF-8"?>
<!-- Generated by org.testng.reporters.JUnitReportReporter -->
<testsuite hostname="Meghas-MBP" failures="0" tests="1" name="com.qa.pages.LoginPage" time="0.020" errors="0" timestamp="11 Feb 2021 04:42:46 GMT" skipped="0">
  <testcase classname="com.qa.pages.LoginPage" name="loginPage" time="0.020"/>
</testsuite> <!-- com.qa.pages.LoginPage -->
