<?xml version="1.0" encoding="UTF-8"?>
<!-- Generated by org.testng.reporters.JUnitReportReporter -->
<testsuite hostname="Meghas-MBP" failures="0" tests="1" name="com.qa.tests.LoginTest" time="0.005" errors="0" timestamp="11 Feb 2021 04:54:18 GMT" skipped="0">
  <testcase classname="com.qa.tests.LoginTest" name="test1" time="0.005"/>
</testsuite> <!-- com.qa.tests.LoginTest -->
